<?xml version="1.0" encoding="UTF-8"?>
<testng-results ignored="0" total="2" passed="2" failed="0" skipped="0">
  <reporter-output>
  </reporter-output>
  <suite started-at="2026-06-19T14:06:12 IST" name="Default suite" finished-at="2026-06-19T14:06:19 IST" duration-ms="7748">
    <groups>
    </groups>
    <test started-at="2026-06-19T14:06:12 IST" name="Default test" finished-at="2026-06-19T14:06:19 IST" duration-ms="7748">
      <class name="Activity2.TestActivity2">
        <test-method is-config="true" signature="setup()[pri:0, instance:Activity2.TestActivity2@65fb9ffc]" started-at="2026-06-19T14:06:12 IST" name="setup" finished-at="2026-06-19T14:06:13 IST" duration-ms="1297" status="PASS">
          <reporter-output>
          </reporter-output>
        </test-method> <!-- setup -->
        <test-method signature="postrequest()[pri:0, instance:Activity2.TestActivity2@65fb9ffc]" started-at="2026-06-19T14:06:13 IST" name="postrequest" finished-at="2026-06-19T14:06:18 IST" duration-ms="5279" status="PASS">
          <reporter-output>
          </reporter-output>
        </test-method> <!-- postrequest -->
        <test-method signature="deleteRequest()[pri:0, instance:Activity2.TestActivity2@65fb9ffc]" started-at="2026-06-19T14:06:18 IST" name="deleteRequest" finished-at="2026-06-19T14:06:19 IST" depends-on-methods="Activity2.TestActivity2.postrequest" duration-ms="1081" status="PASS">
          <reporter-output>
          </reporter-output>
        </test-method> <!-- deleteRequest -->
      </class> <!-- Activity2.TestActivity2 -->
    </test> <!-- Default test -->
  </suite> <!-- Default suite -->
</testng-results>
