<?xml version="1.0" encoding="UTF-8"?>
<!-- Generated by org.testng.reporters.JUnitXMLReporter -->
<testsuite ignored="0" hostname="IBM-J7TSR24" failures="0" tests="3" name="Default test" time="21.843" errors="0" timestamp="2026-06-12T13:55:55 IST">
  <testcase classname="Activity.Activity_7" name="addLeads" time="10.285"/>
  <testcase classname="Activity.Activity_7" name="prerequireOfCheck" time="7.093"/>
  <testcase classname="Activity.Activity_7" name="checkPhoneInLeads" time="0.01"/>
</testsuite> <!-- Default test -->
