<?xml version="1.0" encoding="UTF-8"?>
<testng-results ignored="0" total="18" passed="18" failed="0" skipped="0">
  <reporter-output>
  </reporter-output>
  <suite started-at="2026-06-12T15:56:54 IST" name="Suite" finished-at="2026-06-12T15:58:04 IST" duration-ms="69254">
    <groups>
    </groups>
    <test started-at="2026-06-12T15:56:54 IST" name="Test" finished-at="2026-06-12T15:58:04 IST" duration-ms="69254">
      <class name="Activity.Activity6">
        <test-method signature="Navbar()[pri:0, instance:Activity.Activity6@10a9d961]" started-at="2026-06-12T15:57:05 IST" name="Navbar" finished-at="2026-06-12T15:57:05 IST" duration-ms="73" status="PASS">
          <reporter-output>
          </reporter-output>
        </test-method> <!-- Navbar -->
      </class> <!-- Activity.Activity6 -->
      <class name="Activity.Activity9">
        <test-method signature="checking_Leads()[pri:0, instance:Activity.Activity9@363a52f]" started-at="2026-06-12T15:58:02 IST" name="checking_Leads" finished-at="2026-06-12T15:58:02 IST" duration-ms="793" status="PASS">
          <reporter-output>
          </reporter-output>
        </test-method> <!-- checking_Leads -->
        <test-method is-config="true" signature="afterClass()[pri:0, instance:Activity.Activity9@363a52f]" started-at="2026-06-12T15:58:02 IST" name="afterClass" finished-at="2026-06-12T15:58:04 IST" duration-ms="1282" status="PASS">
          <reporter-output>
          </reporter-output>
        </test-method> <!-- afterClass -->
      </class> <!-- Activity.Activity9 -->
      <class name="Activity.Activity_3">
        <test-method signature="pickCopyrights()[pri:0, instance:Activity.Activity_3@1c93f6e1]" started-at="2026-06-12T15:56:59 IST" name="pickCopyrights" finished-at="2026-06-12T15:56:59 IST" duration-ms="106" status="PASS">
          <reporter-output>
          </reporter-output>
        </test-method> <!-- pickCopyrights -->
      </class> <!-- Activity.Activity_3 -->
      <class name="Activity.Activity_7">
        <test-method signature="addLeads(java.lang.String,java.lang.String,java.lang.String,java.lang.String,java.lang.String,java.lang.String,java.lang.String,java.lang.String,java.lang.String,java.lang.String,java.lang.String,java.lang.String)[pri:0, instance:Activity.Activity_7@5ddf0d24]" started-at="2026-06-12T15:57:05 IST" name="addLeads" data-provider="csvData" finished-at="2026-06-12T15:57:15 IST" duration-ms="10263" status="PASS">
          <params>
            <param index="0">
              <value>
                <![CDATA[Tisha]]>
              </value>
            </param>
            <param index="1">
              <value>
                <![CDATA[Heger]]>
              </value>
            </param>
            <param index="2">
              <value>
                <![CDATA[Mgr Operations]]>
              </value>
            </param>
            <param index="3">
              <value>
                <![CDATA[SAP]]>
              </value>
            </param>
            <param index="4">
              <value>
                <![CDATA[www.kidkid.org]]>
              </value>
            </param>
            <param index="5">
              <value>
                <![CDATA[section36@example.co.jp]]>
              </value>
            </param>
            <param index="6">
              <value>
                <![CDATA[(965) 418-0725]]>
              </value>
            </param>
            <param index="7">
              <value>
                <![CDATA[(438) 740-3153]]>
              </value>
            </param>
            <param index="8">
              <value>
                <![CDATA[Sacramento]]>
              </value>
            </param>
            <param index="9">
              <value>
                <![CDATA[California]]>
              </value>
            </param>
            <param index="10">
              <value>
                <![CDATA[55189]]>
              </value>
            </param>
            <param index="11">
              <value>
                <![CDATA[USA]]>
              </value>
            </param>
          </params>
          <reporter-output>
          </reporter-output>
        </test-method> <!-- addLeads -->
        <test-method signature="addLeads(java.lang.String,java.lang.String,java.lang.String,java.lang.String,java.lang.String,java.lang.String,java.lang.String,java.lang.String,java.lang.String,java.lang.String,java.lang.String,java.lang.String)[pri:0, instance:Activity.Activity_7@5ddf0d24]" started-at="2026-06-12T15:57:15 IST" name="addLeads" data-provider="csvData" finished-at="2026-06-12T15:57:24 IST" duration-ms="9465" status="PASS">
          <params>
            <param index="0">
              <value>
                <![CDATA[Joan]]>
              </value>
            </param>
            <param index="1">
              <value>
                <![CDATA[Maust]]>
              </value>
            </param>
            <param index="2">
              <value>
                <![CDATA[Director Operations]]>
              </value>
            </param>
            <param index="3">
              <value>
                <![CDATA[QE]]>
              </value>
            </param>
            <param index="4">
              <value>
                <![CDATA[www.kidphone.cn]]>
              </value>
            </param>
            <param index="5">
              <value>
                <![CDATA[the.kid@example.net]]>
              </value>
            </param>
            <param index="6">
              <value>
                <![CDATA[(651) 772-9328]]>
              </value>
            </param>
            <param index="7">
              <value>
                <![CDATA[(408) 982-7873]]>
              </value>
            </param>
            <param index="8">
              <value>
                <![CDATA[Dover]]>
              </value>
            </param>
            <param index="9">
              <value>
                <![CDATA[Delaware]]>
              </value>
            </param>
            <param index="10">
              <value>
                <![CDATA[30799]]>
              </value>
            </param>
            <param index="11">
              <value>
                <![CDATA[USA]]>
              </value>
            </param>
          </params>
          <reporter-output>
          </reporter-output>
        </test-method> <!-- addLeads -->
        <test-method signature="addLeads(java.lang.String,java.lang.String,java.lang.String,java.lang.String,java.lang.String,java.lang.String,java.lang.String,java.lang.String,java.lang.String,java.lang.String,java.lang.String,java.lang.String)[pri:0, instance:Activity.Activity_7@5ddf0d24]" started-at="2026-06-12T15:57:24 IST" name="addLeads" data-provider="csvData" finished-at="2026-06-12T15:57:35 IST" duration-ms="10311" status="PASS">
          <params>
            <param index="0">
              <value>
                <![CDATA[Heriberto]]>
              </value>
            </param>
            <param index="1">
              <value>
                <![CDATA[Bronstein]]>
              </value>
            </param>
            <param index="2">
              <value>
                <![CDATA[Senior Product Manager]]>
              </value>
            </param>
            <param index="3">
              <value>
                <![CDATA[SAP]]>
              </value>
            </param>
            <param index="4">
              <value>
                <![CDATA[www.supporthr.org]]>
              </value>
            </param>
            <param index="5">
              <value>
                <![CDATA[im.sales@example.co.uk]]>
              </value>
            </param>
            <param index="6">
              <value>
                <![CDATA[(012) 965-2281]]>
              </value>
            </param>
            <param index="7">
              <value>
                <![CDATA[(652) 426-9235]]>
              </value>
            </param>
            <param index="8">
              <value>
                <![CDATA[Alabama]]>
              </value>
            </param>
            <param index="9">
              <value>
                <![CDATA[Alabama]]>
              </value>
            </param>
            <param index="10">
              <value>
                <![CDATA[36130]]>
              </value>
            </param>
            <param index="11">
              <value>
                <![CDATA[USA]]>
              </value>
            </param>
          </params>
          <reporter-output>
          </reporter-output>
        </test-method> <!-- addLeads -->
        <test-method signature="addLeads(java.lang.String,java.lang.String,java.lang.String,java.lang.String,java.lang.String,java.lang.String,java.lang.String,java.lang.String,java.lang.String,java.lang.String,java.lang.String,java.lang.String)[pri:0, instance:Activity.Activity_7@5ddf0d24]" started-at="2026-06-12T15:57:35 IST" name="addLeads" data-provider="csvData" finished-at="2026-06-12T15:57:45 IST" duration-ms="9877" status="PASS">
          <params>
            <param index="0">
              <value>
                <![CDATA[Lon]]>
              </value>
            </param>
            <param index="1">
              <value>
                <![CDATA[Towle]]>
              </value>
            </param>
            <param index="2">
              <value>
                <![CDATA[IT Developer]]>
              </value>
            </param>
            <param index="3">
              <value>
                <![CDATA[Z-OS]]>
              </value>
            </param>
            <param index="4">
              <value>
                <![CDATA[www.hrsupport.cn]]>
              </value>
            </param>
            <param index="5">
              <value>
                <![CDATA[vegan.section@example.tw]]>
              </value>
            </param>
            <param index="6">
              <value>
                <![CDATA[(925) 932-8963]]>
              </value>
            </param>
            <param index="7">
              <value>
                <![CDATA[(018) 989-5301]]>
              </value>
            </param>
            <param index="8">
              <value>
                <![CDATA[Ohio]]>
              </value>
            </param>
            <param index="9">
              <value>
                <![CDATA[Ohio]]>
              </value>
            </param>
            <param index="10">
              <value>
                <![CDATA[51321]]>
              </value>
            </param>
            <param index="11">
              <value>
                <![CDATA[USA]]>
              </value>
            </param>
          </params>
          <reporter-output>
          </reporter-output>
        </test-method> <!-- addLeads -->
        <test-method signature="addLeads(java.lang.String,java.lang.String,java.lang.String,java.lang.String,java.lang.String,java.lang.String,java.lang.String,java.lang.String,java.lang.String,java.lang.String,java.lang.String,java.lang.String)[pri:0, instance:Activity.Activity_7@5ddf0d24]" started-at="2026-06-12T15:57:45 IST" name="addLeads" data-provider="csvData" finished-at="2026-06-12T15:57:55 IST" duration-ms="10401" status="PASS">
          <params>
            <param index="0">
              <value>
                <![CDATA[Clare]]>
              </value>
            </param>
            <param index="1">
              <value>
                <![CDATA[Lamoreaux]]>
              </value>
            </param>
            <param index="2">
              <value>
                <![CDATA[President]]>
              </value>
            </param>
            <param index="3">
              <value>
                <![CDATA[Java Fullstack]]>
              </value>
            </param>
            <param index="4">
              <value>
                <![CDATA[www.sectionhr.edu]]>
              </value>
            </param>
            <param index="5">
              <value>
                <![CDATA[dev.sales@example.com]]>
              </value>
            </param>
            <param index="6">
              <value>
                <![CDATA[(743) 451-7527]]>
              </value>
            </param>
            <param index="7">
              <value>
                <![CDATA[(400) 189-3693]]>
              </value>
            </param>
            <param index="8">
              <value>
                <![CDATA[Salt Lake City]]>
              </value>
            </param>
            <param index="9">
              <value>
                <![CDATA[Utah]]>
              </value>
            </param>
            <param index="10">
              <value>
                <![CDATA[81670]]>
              </value>
            </param>
            <param index="11">
              <value>
                <![CDATA[USA]]>
              </value>
            </param>
          </params>
          <reporter-output>
          </reporter-output>
        </test-method> <!-- addLeads -->
        <test-method signature="prerequireOfCheck()[pri:0, instance:Activity.Activity_7@5ddf0d24]" started-at="2026-06-12T15:57:55 IST" name="prerequireOfCheck" finished-at="2026-06-12T15:58:02 IST" depends-on-methods="Activity.Activity_7.addLeads" duration-ms="6561" status="PASS">
          <reporter-output>
          </reporter-output>
        </test-method> <!-- prerequireOfCheck -->
        <test-method signature="checkPhoneInLeads(java.lang.String,java.lang.String,java.lang.String,java.lang.String,java.lang.String,java.lang.String,java.lang.String,java.lang.String,java.lang.String,java.lang.String,java.lang.String,java.lang.String)[pri:0, instance:Activity.Activity_7@5ddf0d24]" started-at="2026-06-12T15:58:02 IST" name="checkPhoneInLeads" data-provider="csvData" finished-at="2026-06-12T15:58:02 IST" depends-on-methods="Activity.Activity_7.prerequireOfCheck" duration-ms="0" status="PASS">
          <params>
            <param index="0">
              <value>
                <![CDATA[Tisha]]>
              </value>
            </param>
            <param index="1">
              <value>
                <![CDATA[Heger]]>
              </value>
            </param>
            <param index="2">
              <value>
                <![CDATA[Mgr Operations]]>
              </value>
            </param>
            <param index="3">
              <value>
                <![CDATA[SAP]]>
              </value>
            </param>
            <param index="4">
              <value>
                <![CDATA[www.kidkid.org]]>
              </value>
            </param>
            <param index="5">
              <value>
                <![CDATA[section36@example.co.jp]]>
              </value>
            </param>
            <param index="6">
              <value>
                <![CDATA[(965) 418-0725]]>
              </value>
            </param>
            <param index="7">
              <value>
                <![CDATA[(438) 740-3153]]>
              </value>
            </param>
            <param index="8">
              <value>
                <![CDATA[Sacramento]]>
              </value>
            </param>
            <param index="9">
              <value>
                <![CDATA[California]]>
              </value>
            </param>
            <param index="10">
              <value>
                <![CDATA[55189]]>
              </value>
            </param>
            <param index="11">
              <value>
                <![CDATA[USA]]>
              </value>
            </param>
          </params>
          <reporter-output>
          </reporter-output>
        </test-method> <!-- checkPhoneInLeads -->
        <test-method signature="checkPhoneInLeads(java.lang.String,java.lang.String,java.lang.String,java.lang.String,java.lang.String,java.lang.String,java.lang.String,java.lang.String,java.lang.String,java.lang.String,java.lang.String,java.lang.String)[pri:0, instance:Activity.Activity_7@5ddf0d24]" started-at="2026-06-12T15:58:02 IST" name="checkPhoneInLeads" data-provider="csvData" finished-at="2026-06-12T15:58:02 IST" depends-on-methods="Activity.Activity_7.prerequireOfCheck" duration-ms="2" status="PASS">
          <params>
            <param index="0">
              <value>
                <![CDATA[Joan]]>
              </value>
            </param>
            <param index="1">
              <value>
                <![CDATA[Maust]]>
              </value>
            </param>
            <param index="2">
              <value>
                <![CDATA[Director Operations]]>
              </value>
            </param>
            <param index="3">
              <value>
                <![CDATA[QE]]>
              </value>
            </param>
            <param index="4">
              <value>
                <![CDATA[www.kidphone.cn]]>
              </value>
            </param>
            <param index="5">
              <value>
                <![CDATA[the.kid@example.net]]>
              </value>
            </param>
            <param index="6">
              <value>
                <![CDATA[(651) 772-9328]]>
              </value>
            </param>
            <param index="7">
              <value>
                <![CDATA[(408) 982-7873]]>
              </value>
            </param>
            <param index="8">
              <value>
                <![CDATA[Dover]]>
              </value>
            </param>
            <param index="9">
              <value>
                <![CDATA[Delaware]]>
              </value>
            </param>
            <param index="10">
              <value>
                <![CDATA[30799]]>
              </value>
            </param>
            <param index="11">
              <value>
                <![CDATA[USA]]>
              </value>
            </param>
          </params>
          <reporter-output>
          </reporter-output>
        </test-method> <!-- checkPhoneInLeads -->
        <test-method signature="checkPhoneInLeads(java.lang.String,java.lang.String,java.lang.String,java.lang.String,java.lang.String,java.lang.String,java.lang.String,java.lang.String,java.lang.String,java.lang.String,java.lang.String,java.lang.String)[pri:0, instance:Activity.Activity_7@5ddf0d24]" started-at="2026-06-12T15:58:02 IST" name="checkPhoneInLeads" data-provider="csvData" finished-at="2026-06-12T15:58:02 IST" depends-on-methods="Activity.Activity_7.prerequireOfCheck" duration-ms="0" status="PASS">
          <params>
            <param index="0">
              <value>
                <![CDATA[Heriberto]]>
              </value>
            </param>
            <param index="1">
              <value>
                <![CDATA[Bronstein]]>
              </value>
            </param>
            <param index="2">
              <value>
                <![CDATA[Senior Product Manager]]>
              </value>
            </param>
            <param index="3">
              <value>
                <![CDATA[SAP]]>
              </value>
            </param>
            <param index="4">
              <value>
                <![CDATA[www.supporthr.org]]>
              </value>
            </param>
            <param index="5">
              <value>
                <![CDATA[im.sales@example.co.uk]]>
              </value>
            </param>
            <param index="6">
              <value>
                <![CDATA[(012) 965-2281]]>
              </value>
            </param>
            <param index="7">
              <value>
                <![CDATA[(652) 426-9235]]>
              </value>
            </param>
            <param index="8">
              <value>
                <![CDATA[Alabama]]>
              </value>
            </param>
            <param index="9">
              <value>
                <![CDATA[Alabama]]>
              </value>
            </param>
            <param index="10">
              <value>
                <![CDATA[36130]]>
              </value>
            </param>
            <param index="11">
              <value>
                <![CDATA[USA]]>
              </value>
            </param>
          </params>
          <reporter-output>
          </reporter-output>
        </test-method> <!-- checkPhoneInLeads -->
        <test-method signature="checkPhoneInLeads(java.lang.String,java.lang.String,java.lang.String,java.lang.String,java.lang.String,java.lang.String,java.lang.String,java.lang.String,java.lang.String,java.lang.String,java.lang.String,java.lang.String)[pri:0, instance:Activity.Activity_7@5ddf0d24]" started-at="2026-06-12T15:58:02 IST" name="checkPhoneInLeads" data-provider="csvData" finished-at="2026-06-12T15:58:02 IST" depends-on-methods="Activity.Activity_7.prerequireOfCheck" duration-ms="0" status="PASS">
          <params>
            <param index="0">
              <value>
                <![CDATA[Lon]]>
              </value>
            </param>
            <param index="1">
              <value>
                <![CDATA[Towle]]>
              </value>
            </param>
            <param index="2">
              <value>
                <![CDATA[IT Developer]]>
              </value>
            </param>
            <param index="3">
              <value>
                <![CDATA[Z-OS]]>
              </value>
            </param>
            <param index="4">
              <value>
                <![CDATA[www.hrsupport.cn]]>
              </value>
            </param>
            <param index="5">
              <value>
                <![CDATA[vegan.section@example.tw]]>
              </value>
            </param>
            <param index="6">
              <value>
                <![CDATA[(925) 932-8963]]>
              </value>
            </param>
            <param index="7">
              <value>
                <![CDATA[(018) 989-5301]]>
              </value>
            </param>
            <param index="8">
              <value>
                <![CDATA[Ohio]]>
              </value>
            </param>
            <param index="9">
              <value>
                <![CDATA[Ohio]]>
              </value>
            </param>
            <param index="10">
              <value>
                <![CDATA[51321]]>
              </value>
            </param>
            <param index="11">
              <value>
                <![CDATA[USA]]>
              </value>
            </param>
          </params>
          <reporter-output>
          </reporter-output>
        </test-method> <!-- checkPhoneInLeads -->
        <test-method signature="checkPhoneInLeads(java.lang.String,java.lang.String,java.lang.String,java.lang.String,java.lang.String,java.lang.String,java.lang.String,java.lang.String,java.lang.String,java.lang.String,java.lang.String,java.lang.String)[pri:0, instance:Activity.Activity_7@5ddf0d24]" started-at="2026-06-12T15:58:02 IST" name="checkPhoneInLeads" data-provider="csvData" finished-at="2026-06-12T15:58:02 IST" depends-on-methods="Activity.Activity_7.prerequireOfCheck" duration-ms="7" status="PASS">
          <params>
            <param index="0">
              <value>
                <![CDATA[Clare]]>
              </value>
            </param>
            <param index="1">
              <value>
                <![CDATA[Lamoreaux]]>
              </value>
            </param>
            <param index="2">
              <value>
                <![CDATA[President]]>
              </value>
            </param>
            <param index="3">
              <value>
                <![CDATA[Java Fullstack]]>
              </value>
            </param>
            <param index="4">
              <value>
                <![CDATA[www.sectionhr.edu]]>
              </value>
            </param>
            <param index="5">
              <value>
                <![CDATA[dev.sales@example.com]]>
              </value>
            </param>
            <param index="6">
              <value>
                <![CDATA[(743) 451-7527]]>
              </value>
            </param>
            <param index="7">
              <value>
                <![CDATA[(400) 189-3693]]>
              </value>
            </param>
            <param index="8">
              <value>
                <![CDATA[Salt Lake City]]>
              </value>
            </param>
            <param index="9">
              <value>
                <![CDATA[Utah]]>
              </value>
            </param>
            <param index="10">
              <value>
                <![CDATA[81670]]>
              </value>
            </param>
            <param index="11">
              <value>
                <![CDATA[USA]]>
              </value>
            </param>
          </params>
          <reporter-output>
          </reporter-output>
        </test-method> <!-- checkPhoneInLeads -->
      </class> <!-- Activity.Activity_7 -->
      <class name="Activity.loginTest">
        <test-method signature="login()[pri:0, instance:Activity.loginTest@1800a575]" started-at="2026-06-12T15:56:59 IST" name="login" finished-at="2026-06-12T15:57:04 IST" duration-ms="5465" status="PASS">
          <reporter-output>
          </reporter-output>
        </test-method> <!-- login -->
      </class> <!-- Activity.loginTest -->
      <class name="Activity.Activity2">
        <test-method signature="getCurrenturl()[pri:0, instance:Activity.Activity2@632ceb35]" started-at="2026-06-12T15:56:57 IST" name="getCurrenturl" finished-at="2026-06-12T15:56:59 IST" duration-ms="2196" status="PASS">
          <reporter-output>
          </reporter-output>
        </test-method> <!-- getCurrenturl -->
      </class> <!-- Activity.Activity2 -->
      <class name="Activity.Activity5">
        <test-method signature="Navbar()[pri:0, instance:Activity.Activity5@1458ed9c]" started-at="2026-06-12T15:57:04 IST" name="Navbar" finished-at="2026-06-12T15:57:05 IST" duration-ms="148" status="PASS">
          <reporter-output>
          </reporter-output>
        </test-method> <!-- Navbar -->
      </class> <!-- Activity.Activity5 -->
      <class name="Activity.verifyPageTitle">
        <test-method signature="verifyPage()[pri:1, instance:Activity.verifyPageTitle@60df60da]" started-at="2026-06-12T15:56:55 IST" name="verifyPage" finished-at="2026-06-12T15:56:57 IST" duration-ms="2048" status="PASS">
          <reporter-output>
          </reporter-output>
        </test-method> <!-- verifyPage -->
      </class> <!-- Activity.verifyPageTitle -->
    </test> <!-- Test -->
  </suite> <!-- Suite -->
</testng-results>
