<?xml version="1.0" encoding="UTF-8"?>
<testng-results ignored="0" total="6" passed="6" failed="0" skipped="0">
  <reporter-output>
  </reporter-output>
  <suite started-at="2026-06-12T12:07:10 IST" name="Suite" finished-at="2026-06-12T12:07:23 IST" duration-ms="13079">
    <groups>
    </groups>
    <test started-at="2026-06-12T12:07:10 IST" name="Test" finished-at="2026-06-12T12:07:23 IST" duration-ms="13079">
      <class name="Activity.Activity6">
        <test-method signature="Navbar()[pri:0, instance:Activity.Activity6@7a55af6b]" started-at="2026-06-12T12:07:21 IST" name="Navbar" finished-at="2026-06-12T12:07:22 IST" duration-ms="85" status="PASS">
          <reporter-output>
          </reporter-output>
        </test-method> <!-- Navbar -->
        <test-method is-config="true" signature="tearDown()[pri:0, instance:Activity.Activity6@7a55af6b]" started-at="2026-06-12T12:07:22 IST" name="tearDown" finished-at="2026-06-12T12:07:23 IST" duration-ms="1543" status="PASS">
          <reporter-output>
          </reporter-output>
        </test-method> <!-- tearDown -->
      </class> <!-- Activity.Activity6 -->
      <class name="Activity.Activity_3">
        <test-method signature="pickCopyrights()[pri:0, instance:Activity.Activity_3@5c2375a9]" started-at="2026-06-12T12:07:15 IST" name="pickCopyrights" finished-at="2026-06-12T12:07:16 IST" duration-ms="99" status="PASS">
          <reporter-output>
          </reporter-output>
        </test-method> <!-- pickCopyrights -->
      </class> <!-- Activity.Activity_3 -->
      <class name="Activity.loginTest">
        <test-method signature="login()[pri:0, instance:Activity.loginTest@60129b9a]" started-at="2026-06-12T12:07:16 IST" name="login" finished-at="2026-06-12T12:07:21 IST" duration-ms="5827" status="PASS">
          <reporter-output>
          </reporter-output>
        </test-method> <!-- login -->
      </class> <!-- Activity.loginTest -->
      <class name="Activity.Activity2">
        <test-method signature="getCurrenturl()[pri:0, instance:Activity.Activity2@d41f816]" started-at="2026-06-12T12:07:13 IST" name="getCurrenturl" finished-at="2026-06-12T12:07:15 IST" duration-ms="2575" status="PASS">
          <reporter-output>
          </reporter-output>
        </test-method> <!-- getCurrenturl -->
      </class> <!-- Activity.Activity2 -->
      <class name="Activity.Activity5">
        <test-method signature="Navbar()[pri:0, instance:Activity.Activity5@78d6692f]" started-at="2026-06-12T12:07:21 IST" name="Navbar" finished-at="2026-06-12T12:07:21 IST" duration-ms="61" status="PASS">
          <reporter-output>
          </reporter-output>
        </test-method> <!-- Navbar -->
      </class> <!-- Activity.Activity5 -->
      <class name="Activity.verifyPageTitle">
        <test-method signature="verifyPage()[pri:1, instance:Activity.verifyPageTitle@15713d56]" started-at="2026-06-12T12:07:10 IST" name="verifyPage" finished-at="2026-06-12T12:07:13 IST" duration-ms="2724" status="PASS">
          <reporter-output>
          </reporter-output>
        </test-method> <!-- verifyPage -->
      </class> <!-- Activity.verifyPageTitle -->
    </test> <!-- Test -->
  </suite> <!-- Suite -->
</testng-results>
