<?xml version="1.0" encoding="UTF-8"?>
<!-- Generated by org.testng.reporters.JUnitXMLReporter -->
<testsuite ignored="0" hostname="IBM-FFCRR24" failures="0" tests="5" name="Default test" time="41.985" errors="0" timestamp="2026-06-17T11:22:39 IST">
  <testcase classname="Activity.browser_page" name="scroll" time="15.341"/>
  <testcase classname="Activity.browser_page" name="addTasks" time="2.953"/>
  <testcase classname="Activity.browser_page" name="addTasks" time="2.358"/>
  <testcase classname="Activity.browser_page" name="addTasks" time="3.119"/>
  <testcase classname="Activity.browser_page" name="selectTasks" time="3.671"/>
</testsuite> <!-- Default test -->
