<?xml version="1.0" encoding="UTF-8"?>
<testng-results ignored="0" total="5" passed="5" failed="0" skipped="0">
  <reporter-output>
  </reporter-output>
  <suite started-at="2026-06-17T11:21:57 IST" name="Default suite" finished-at="2026-06-17T11:22:39 IST" duration-ms="41985">
    <groups>
    </groups>
    <test started-at="2026-06-17T11:21:57 IST" name="Default test" finished-at="2026-06-17T11:22:39 IST" duration-ms="41985">
      <class name="Activity.browser_page">
        <test-method is-config="true" signature="setup()[pri:0, instance:Activity.browser_page@71c3b41]" started-at="2026-06-17T11:21:57 IST" name="setup" finished-at="2026-06-17T11:22:10 IST" duration-ms="12786" status="PASS">
          <reporter-output>
          </reporter-output>
        </test-method> <!-- setup -->
        <test-method signature="scroll()[pri:0, instance:Activity.browser_page@71c3b41]" started-at="2026-06-17T11:22:10 IST" name="scroll" finished-at="2026-06-17T11:22:25 IST" duration-ms="15341" status="PASS">
          <reporter-output>
          </reporter-output>
        </test-method> <!-- scroll -->
        <test-method signature="addTasks(java.lang.String)[pri:0, instance:Activity.browser_page@71c3b41]" started-at="2026-06-17T11:22:25 IST" name="addTasks" data-provider="tasksDesc" finished-at="2026-06-17T11:22:28 IST" depends-on-methods="Activity.browser_page.scroll" duration-ms="2953" status="PASS">
          <params>
            <param index="0">
              <value>
                <![CDATA[Add tasks to list]]>
              </value>
            </param>
          </params>
          <reporter-output>
          </reporter-output>
        </test-method> <!-- addTasks -->
        <test-method signature="addTasks(java.lang.String)[pri:0, instance:Activity.browser_page@71c3b41]" started-at="2026-06-17T11:22:28 IST" name="addTasks" data-provider="tasksDesc" finished-at="2026-06-17T11:22:31 IST" depends-on-methods="Activity.browser_page.scroll" duration-ms="2358" status="PASS">
          <params>
            <param index="0">
              <value>
                <![CDATA[Get number of tasks]]>
              </value>
            </param>
          </params>
          <reporter-output>
          </reporter-output>
        </test-method> <!-- addTasks -->
        <test-method signature="addTasks(java.lang.String)[pri:0, instance:Activity.browser_page@71c3b41]" started-at="2026-06-17T11:22:31 IST" name="addTasks" data-provider="tasksDesc" finished-at="2026-06-17T11:22:34 IST" depends-on-methods="Activity.browser_page.scroll" duration-ms="3119" status="PASS">
          <params>
            <param index="0">
              <value>
                <![CDATA[Clear the list]]>
              </value>
            </param>
          </params>
          <reporter-output>
          </reporter-output>
        </test-method> <!-- addTasks -->
        <test-method signature="selectTasks()[pri:0, instance:Activity.browser_page@71c3b41]" started-at="2026-06-17T11:22:34 IST" name="selectTasks" finished-at="2026-06-17T11:22:37 IST" depends-on-methods="Activity.browser_page.addTasks" duration-ms="3671" status="PASS">
          <reporter-output>
          </reporter-output>
        </test-method> <!-- selectTasks -->
        <test-method is-config="true" signature="teardown()[pri:0, instance:Activity.browser_page@71c3b41]" started-at="2026-06-17T11:22:37 IST" name="teardown" finished-at="2026-06-17T11:22:39 IST" duration-ms="1620" status="PASS">
          <reporter-output>
          </reporter-output>
        </test-method> <!-- teardown -->
      </class> <!-- Activity.browser_page -->
    </test> <!-- Default test -->
  </suite> <!-- Default suite -->
</testng-results>
